{
  "RSpec": {
    "coverage": {
      "/home/oldpie/missed_collisions/app/models/incident.rb": [
        0,
        0,
        0,
        0,
        0,
        0,
        0,
        0,
        0,
        0,
        0,
        0,
        0,
        0,
        0,
        0,
        0,
        0,
        0,
        0,
        0,
        0,
        0,
        0,
        0,
        0,
        0,
        0,
        0,
        0,
        0,
        0,
        0,
        0,
        0,
        0,
        0,
        0,
        0,
        0,
        0,
        0,
        0,
        0,
        0,
        0,
        0,
        0,
        0,
        0,
        0,
        0,
        0,
        0,
        0
      ],
      "/home/oldpie/missed_collisions/app/controllers/application_controller.rb": [
        0,
        0,
        0,
        0,
        0
      ],
      "/home/oldpie/missed_collisions/app/helpers/application_helper.rb": [
        0,
        0
      ]
    },
    "timestamp": 1449108455
  }
}
